Spark Command: /usr/lib/jvm/java-1.7.0-openjdk-1.7.0.131.x86_64/jre/bin/java -cp /lustre/work/swanson/jdixon/CMS/CMS-Mining/spark-2/conf/:/lustre/work/swanson/jdixon/CMS/CMS-Mining/spark-2/jars/* -Xmx1g -XX:MaxPermSize=256m org.apache.spark.deploy.worker.Worker --webui-port 8081 spark://c0508.crane.hcc.unl.edu:7077
========================================
Using Spark's default log4j profile: org/apache/spark/log4j-defaults.properties
17/04/28 17:21:17 INFO Worker: Started daemon with process name: 142971@c0516.crane.hcc.unl.edu
17/04/28 17:21:17 INFO SignalUtils: Registered signal handler for TERM
17/04/28 17:21:17 INFO SignalUtils: Registered signal handler for HUP
17/04/28 17:21:17 INFO SignalUtils: Registered signal handler for INT
17/04/28 17:21:18 WARN NativeCodeLoader: Unable to load native-hadoop library for your platform... using builtin-java classes where applicable
17/04/28 17:21:18 INFO SecurityManager: Changing view acls to: jdixon
17/04/28 17:21:18 INFO SecurityManager: Changing modify acls to: jdixon
17/04/28 17:21:18 INFO SecurityManager: Changing view acls groups to: 
17/04/28 17:21:18 INFO SecurityManager: Changing modify acls groups to: 
17/04/28 17:21:18 INFO SecurityManager: SecurityManager: authentication disabled; ui acls disabled; users  with view permissions: Set(jdixon); groups with view permissions: Set(); users  with modify permissions: Set(jdixon); groups with modify permissions: Set()
17/04/28 17:21:19 INFO Utils: Successfully started service 'sparkWorker' on port 45513.
17/04/28 17:21:19 INFO Worker: Starting Spark worker 10.138.5.16:45513 with 16 cores, 61.8 GB RAM
17/04/28 17:21:20 INFO Worker: Running Spark version 2.1.0
17/04/28 17:21:20 INFO Worker: Spark home: /lustre/work/swanson/jdixon/CMS/CMS-Mining/spark-2
17/04/28 17:21:20 INFO Utils: Successfully started service 'WorkerUI' on port 8081.
17/04/28 17:21:20 INFO WorkerWebUI: Bound WorkerWebUI to 0.0.0.0, and started at http://10.138.5.16:8081
17/04/28 17:21:20 INFO Worker: Connecting to master c0508.crane.hcc.unl.edu:7077...
17/04/28 17:21:20 INFO TransportClientFactory: Successfully created connection to c0508.crane.hcc.unl.edu/10.138.5.8:7077 after 50 ms (0 ms spent in bootstraps)
17/04/28 17:21:34 INFO Worker: Retrying connection to master (attempt # 1)
17/04/28 17:21:34 INFO Worker: Connecting to master c0508.crane.hcc.unl.edu:7077...
17/04/28 17:21:34 INFO Worker: Successfully registered with master spark://c0508.crane.hcc.unl.edu:7077
17/04/28 17:22:02 INFO Worker: Asked to launch executor app-20170428172202-0000/1 for es_scatter.py
17/04/28 17:22:02 INFO SecurityManager: Changing view acls to: jdixon
17/04/28 17:22:02 INFO SecurityManager: Changing modify acls to: jdixon
17/04/28 17:22:02 INFO SecurityManager: Changing view acls groups to: 
17/04/28 17:22:02 INFO SecurityManager: Changing modify acls groups to: 
17/04/28 17:22:02 INFO SecurityManager: SecurityManager: authentication disabled; ui acls disabled; users  with view permissions: Set(jdixon); groups with view permissions: Set(); users  with modify permissions: Set(jdixon); groups with modify permissions: Set()
17/04/28 17:22:02 INFO ExecutorRunner: Launch command: "/usr/lib/jvm/java-1.7.0-openjdk-1.7.0.131.x86_64/jre/bin/java" "-cp" "/lustre/work/swanson/jdixon/CMS/CMS-Mining/spark-2/conf/:/lustre/work/swanson/jdixon/CMS/CMS-Mining/spark-2/jars/*" "-Xmx2048M" "-Dspark.driver.port=35779" "-XX:MaxPermSize=256m" "org.apache.spark.executor.CoarseGrainedExecutorBackend" "--driver-url" "spark://CoarseGrainedScheduler@10.138.5.8:35779" "--executor-id" "1" "--hostname" "10.138.5.16" "--cores" "4" "--app-id" "app-20170428172202-0000" "--worker-url" "spark://Worker@10.138.5.16:45513"
17/04/28 17:31:13 INFO Worker: Asked to kill executor app-20170428172202-0000/1
17/04/28 17:31:13 INFO ExecutorRunner: Runner thread for executor app-20170428172202-0000/1 interrupted
17/04/28 17:31:13 INFO ExecutorRunner: Killing process!
17/04/28 17:31:14 INFO Worker: Executor app-20170428172202-0000/1 finished with state KILLED exitStatus 143
17/04/28 17:31:14 INFO Worker: Cleaning up local directories for application app-20170428172202-0000
17/04/28 17:31:14 INFO ExternalShuffleBlockResolver: Application app-20170428172202-0000 removed, cleanupLocalDirs = true
