Spark Command: /usr/lib/jvm/java-1.7.0-openjdk-1.7.0.131.x86_64/jre/bin/java -cp /lustre/work/swanson/jdixon/CMS/CMS-Mining/spark-2/conf/:/lustre/work/swanson/jdixon/CMS/CMS-Mining/spark-2/jars/* -Xmx1g -XX:MaxPermSize=256m org.apache.spark.deploy.worker.Worker --webui-port 8081 spark://c1002.crane.hcc.unl.edu:7077
========================================
Using Spark's default log4j profile: org/apache/spark/log4j-defaults.properties
17/04/27 15:44:50 INFO Worker: Started daemon with process name: 199246@c1322.crane.hcc.unl.edu
17/04/27 15:44:50 INFO SignalUtils: Registered signal handler for TERM
17/04/27 15:44:50 INFO SignalUtils: Registered signal handler for HUP
17/04/27 15:44:50 INFO SignalUtils: Registered signal handler for INT
17/04/27 15:44:50 WARN NativeCodeLoader: Unable to load native-hadoop library for your platform... using builtin-java classes where applicable
17/04/27 15:44:51 INFO SecurityManager: Changing view acls to: jdixon
17/04/27 15:44:51 INFO SecurityManager: Changing modify acls to: jdixon
17/04/27 15:44:51 INFO SecurityManager: Changing view acls groups to: 
17/04/27 15:44:51 INFO SecurityManager: Changing modify acls groups to: 
17/04/27 15:44:51 INFO SecurityManager: SecurityManager: authentication disabled; ui acls disabled; users  with view permissions: Set(jdixon); groups with view permissions: Set(); users  with modify permissions: Set(jdixon); groups with modify permissions: Set()
17/04/27 15:44:52 INFO Utils: Successfully started service 'sparkWorker' on port 35049.
17/04/27 15:44:52 INFO Worker: Starting Spark worker 10.138.13.22:35049 with 16 cores, 61.8 GB RAM
17/04/27 15:44:52 INFO Worker: Running Spark version 2.1.0
17/04/27 15:44:52 INFO Worker: Spark home: /lustre/work/swanson/jdixon/CMS/CMS-Mining/spark-2
17/04/27 15:44:53 INFO Utils: Successfully started service 'WorkerUI' on port 8081.
17/04/27 15:44:53 INFO WorkerWebUI: Bound WorkerWebUI to 0.0.0.0, and started at http://10.138.13.22:8081
17/04/27 15:44:53 INFO Worker: Connecting to master c1002.crane.hcc.unl.edu:7077...
17/04/27 15:44:53 INFO TransportClientFactory: Successfully created connection to c1002.crane.hcc.unl.edu/10.138.10.2:7077 after 40 ms (0 ms spent in bootstraps)
17/04/27 15:44:53 INFO Worker: Successfully registered with master spark://c1002.crane.hcc.unl.edu:7077
17/04/27 15:45:18 INFO Worker: Asked to launch executor app-20170427154518-0000/1 for es_scatter.py
17/04/27 15:45:19 INFO SecurityManager: Changing view acls to: jdixon
17/04/27 15:45:19 INFO SecurityManager: Changing modify acls to: jdixon
17/04/27 15:45:19 INFO SecurityManager: Changing view acls groups to: 
17/04/27 15:45:19 INFO SecurityManager: Changing modify acls groups to: 
17/04/27 15:45:19 INFO SecurityManager: SecurityManager: authentication disabled; ui acls disabled; users  with view permissions: Set(jdixon); groups with view permissions: Set(); users  with modify permissions: Set(jdixon); groups with modify permissions: Set()
17/04/27 15:45:19 INFO ExecutorRunner: Launch command: "/usr/lib/jvm/java-1.7.0-openjdk-1.7.0.131.x86_64/jre/bin/java" "-cp" "/lustre/work/swanson/jdixon/CMS/CMS-Mining/spark-2/conf/:/lustre/work/swanson/jdixon/CMS/CMS-Mining/spark-2/jars/*" "-Xmx2048M" "-Dspark.driver.port=39133" "-XX:MaxPermSize=256m" "org.apache.spark.executor.CoarseGrainedExecutorBackend" "--driver-url" "spark://CoarseGrainedScheduler@10.138.10.2:39133" "--executor-id" "1" "--hostname" "10.138.13.22" "--cores" "4" "--app-id" "app-20170427154518-0000" "--worker-url" "spark://Worker@10.138.13.22:35049"
17/04/27 15:54:51 INFO Worker: c1002.crane.hcc.unl.edu:7077 Disassociated !
17/04/27 15:54:51 ERROR Worker: Connection to master failed! Waiting for master to reconnect...
17/04/27 15:54:51 INFO Worker: c1002.crane.hcc.unl.edu:7077 Disassociated !
17/04/27 15:54:51 INFO Worker: Connecting to master c1002.crane.hcc.unl.edu:7077...
17/04/27 15:54:51 ERROR Worker: Connection to master failed! Waiting for master to reconnect...
17/04/27 15:54:51 INFO Worker: Not spawning another attempt to register with the master, since there is an attempt scheduled already.
17/04/27 15:54:51 INFO TransportClientFactory: Found inactive connection to c1002.crane.hcc.unl.edu/10.138.10.2:7077, creating a new one.
17/04/27 15:54:51 WARN Worker: Failed to connect to master c1002.crane.hcc.unl.edu:7077
org.apache.spark.SparkException: Exception thrown in awaitResult
	at org.apache.spark.rpc.RpcTimeout$$anonfun$1.applyOrElse(RpcTimeout.scala:77)
	at org.apache.spark.rpc.RpcTimeout$$anonfun$1.applyOrElse(RpcTimeout.scala:75)
	at scala.runtime.AbstractPartialFunction.apply(AbstractPartialFunction.scala:36)
	at org.apache.spark.rpc.RpcTimeout$$anonfun$addMessageIfTimeout$1.applyOrElse(RpcTimeout.scala:59)
	at org.apache.spark.rpc.RpcTimeout$$anonfun$addMessageIfTimeout$1.applyOrElse(RpcTimeout.scala:59)
	at scala.PartialFunction$OrElse.apply(PartialFunction.scala:167)
	at org.apache.spark.rpc.RpcTimeout.awaitResult(RpcTimeout.scala:83)
	at org.apache.spark.rpc.RpcEnv.setupEndpointRefByURI(RpcEnv.scala:100)
	at org.apache.spark.rpc.RpcEnv.setupEndpointRef(RpcEnv.scala:108)
	at org.apache.spark.deploy.worker.Worker$$anonfun$org$apache$spark$deploy$worker$Worker$$tryRegisterAllMasters$1$$anon$1.run(Worker.scala:218)
	at java.util.concurrent.Executors$RunnableAdapter.call(Executors.java:473)
	at java.util.concurrent.FutureTask.run(FutureTask.java:262)
	at java.util.concurrent.ThreadPoolExecutor.runWorker(ThreadPoolExecutor.java:1145)
	at java.util.concurrent.ThreadPoolExecutor$Worker.run(ThreadPoolExecutor.java:615)
	at java.lang.Thread.run(Thread.java:745)
Caused by: java.io.IOException: Failed to connect to c1002.crane.hcc.unl.edu/10.138.10.2:7077
	at org.apache.spark.network.client.TransportClientFactory.createClient(TransportClientFactory.java:228)
	at org.apache.spark.network.client.TransportClientFactory.createClient(TransportClientFactory.java:179)
	at org.apache.spark.rpc.netty.NettyRpcEnv.createClient(NettyRpcEnv.scala:197)
	at org.apache.spark.rpc.netty.Outbox$$anon$1.call(Outbox.scala:191)
	at org.apache.spark.rpc.netty.Outbox$$anon$1.call(Outbox.scala:187)
	... 4 more
Caused by: io.netty.channel.AbstractChannel$AnnotatedConnectException: Connection refused: c1002.crane.hcc.unl.edu/10.138.10.2:7077
	at sun.nio.ch.SocketChannelImpl.checkConnect(Native Method)
	at sun.nio.ch.SocketChannelImpl.finishConnect(SocketChannelImpl.java:744)
	at io.netty.channel.socket.nio.NioSocketChannel.doFinishConnect(NioSocketChannel.java:257)
	at io.netty.channel.nio.AbstractNioChannel$AbstractNioUnsafe.finishConnect(AbstractNioChannel.java:291)
	at io.netty.channel.nio.NioEventLoop.processSelectedKey(NioEventLoop.java:640)
	at io.netty.channel.nio.NioEventLoop.processSelectedKeysOptimized(NioEventLoop.java:575)
	at io.netty.channel.nio.NioEventLoop.processSelectedKeys(NioEventLoop.java:489)
	at io.netty.channel.nio.NioEventLoop.run(NioEventLoop.java:451)
	at io.netty.util.concurrent.SingleThreadEventExecutor$2.run(SingleThreadEventExecutor.java:140)
	at io.netty.util.concurrent.DefaultThreadFactory$DefaultRunnableDecorator.run(DefaultThreadFactory.java:144)
	... 1 more
