Spark Command: /usr/lib/jvm/java-1.7.0-openjdk-1.7.0.131.x86_64/jre/bin/java -cp /lustre/work/swanson/jdixon/CMS/CMS-Mining/spark-2/conf/:/lustre/work/swanson/jdixon/CMS/CMS-Mining/spark-2/jars/* -Xmx1g -XX:MaxPermSize=256m org.apache.spark.deploy.master.Master --host c0512.crane.hcc.unl.edu --port 7077 --webui-port 8080
========================================
Using Spark's default log4j profile: org/apache/spark/log4j-defaults.properties
17/04/26 14:57:50 INFO Master: Started daemon with process name: 112691@c0512.crane.hcc.unl.edu
17/04/26 14:57:50 INFO SignalUtils: Registered signal handler for TERM
17/04/26 14:57:50 INFO SignalUtils: Registered signal handler for HUP
17/04/26 14:57:50 INFO SignalUtils: Registered signal handler for INT
17/04/26 14:57:51 WARN NativeCodeLoader: Unable to load native-hadoop library for your platform... using builtin-java classes where applicable
17/04/26 14:57:51 INFO SecurityManager: Changing view acls to: jdixon
17/04/26 14:57:51 INFO SecurityManager: Changing modify acls to: jdixon
17/04/26 14:57:51 INFO SecurityManager: Changing view acls groups to: 
17/04/26 14:57:51 INFO SecurityManager: Changing modify acls groups to: 
17/04/26 14:57:51 INFO SecurityManager: SecurityManager: authentication disabled; ui acls disabled; users  with view permissions: Set(jdixon); groups with view permissions: Set(); users  with modify permissions: Set(jdixon); groups with modify permissions: Set()
17/04/26 14:57:52 INFO Utils: Successfully started service 'sparkMaster' on port 7077.
17/04/26 14:57:52 INFO Master: Starting Spark master at spark://c0512.crane.hcc.unl.edu:7077
17/04/26 14:57:52 INFO Master: Running Spark version 2.1.0
17/04/26 14:57:52 INFO Utils: Successfully started service 'MasterUI' on port 8080.
17/04/26 14:57:52 INFO MasterWebUI: Bound MasterWebUI to 0.0.0.0, and started at http://10.138.5.12:8080
17/04/26 14:57:52 INFO Utils: Successfully started service on port 6066.
17/04/26 14:57:52 INFO StandaloneRestServer: Started REST server for submitting applications on port 6066
17/04/26 14:57:53 INFO Master: I have been elected leader! New state: ALIVE
17/04/26 14:58:36 INFO Master: Registering app es_scatter.py
17/04/26 14:58:36 INFO Master: Registered app es_scatter.py with ID app-20170426145836-0000
